<?xml version="1.0" encoding="UTF-8"?>
<!-- Generated by org.testng.reporters.JUnitReportReporter -->
<testsuite hostname="VEDANT" failures="0" tests="3" name="vedant.test.Testing" time="45.519" errors="0" timestamp="2024-10-05T16:22:36 IST" skipped="0">
  <testcase classname="vedant.test.Testing" name="standAloneTest" time="14.577"/>
  <testcase classname="vedant.test.Testing" name="standAloneTest" time="19.516"/>
  <testcase classname="vedant.test.Testing" name="productsDeletion" time="11.426"/>
</testsuite> <!-- vedant.test.Testing -->
